# JRE version: Java(TM) SE Runtime Environment (17.0.10+11) (build 17.0.10+11-LTS-240)
# Java VM: Java HotSpot(TM) 64-Bit Server VM (17.0.10+11-LTS-240, mixed mode, emulated-client, sharing, tiered, compressed oops, compressed class ptrs, g1 gc, windows-amd64)
GC Precious Log:
 CPUs: 12 total, 12 available
 Memory: 16227M
 Large Page Support: Disabled
 NUMA Support: Disabled
 Compressed Oops: Enabled (Zero based)
 Heap Region Size: 2M
 Heap Min Capacity: 8M
 Heap Initial Capacity: 254M
 Heap Max Capacity: 4058M
 Pre-touch: Disabled
 Parallel Workers: 10
 Concurrent Workers: 3
 Concurrent Refinement Workers: 10
 Periodic GC: Disabled
Heap:
 garbage-first heap   total 49152K, used 22042K [0x0000000702600000, 0x0000000800000000)
  region size 2048K, 3 young (6144K), 1 survivors (2048K)
 Metaspace       used 40452K, committed 41344K, reserved 1114112K
  class space    used 5397K, committed 5824K, reserved 1048576K
GC Heap History (20 events):
Event: 3690.641 GC heap before
{Heap before GC invocations=93 (full 30):
 garbage-first heap   total 49152K, used 24140K [0x0000000702600000, 0x0000000800000000)
  region size 2048K, 2 young (4096K), 1 survivors (2048K)
 Metaspace       used 40229K, committed 40896K, reserved 1114112K
  class space    used 5352K, committed 5696K, reserved 1048576K
}
Event: 3690.643 GC heap after
{Heap after GC invocations=94 (full 30):
 garbage-first heap   total 49152K, used 22591K [0x0000000702600000, 0x0000000800000000)
  region size 2048K, 1 young (2048K), 1 survivors (2048K)
 Metaspace       used 40229K, committed 40896K, reserved 1114112K
  class space    used 5352K, committed 5696K, reserved 1048576K
}
Event: 3709.324 GC heap before
{Heap before GC invocations=94 (full 30):
 garbage-first heap   total 49152K, used 30783K [0x0000000702600000, 0x0000000800000000)
  region size 2048K, 6 young (12288K), 1 survivors (2048K)
 Metaspace       used 40267K, committed 40960K, reserved 1114112K
  class space    used 5360K, committed 5696K, reserved 1048576K
}
Event: 3709.382 GC heap after
{Heap after GC invocations=95 (full 31):
 garbage-first heap   total 49152K, used 18702K [0x0000000702600000, 0x0000000800000000)
  region size 2048K, 0 young (0K), 0 survivors (0K)
 Metaspace       used 40243K, committed 40960K, reserved 1114112K
  class space    used 5355K, committed 5696K, reserved 1048576K
}
Event: 3709.704 GC heap before
{Heap before GC invocations=95 (full 31):
 garbage-first heap   total 49152K, used 35086K [0x0000000702600000, 0x0000000800000000)
  region size 2048K, 8 young (16384K), 0 survivors (0K)
 Metaspace       used 40253K, committed 40960K, reserved 1114112K
  class space    used 5357K, committed 5696K, reserved 1048576K
}
Event: 3709.705 GC heap after
{Heap after GC invocations=96 (full 31):
 garbage-first heap   total 49152K, used 20250K [0x0000000702600000, 0x0000000800000000)
  region size 2048K, 1 young (2048K), 1 survivors (2048K)
 Metaspace       used 40253K, committed 40960K, reserved 1114112K
  class space    used 5357K, committed 5696K, reserved 1048576K
}
Event: 3709.914 GC heap before
{Heap before GC invocations=96 (full 31):
 garbage-first heap   total 49152K, used 34586K [0x0000000702600000, 0x0000000800000000)
  region size 2048K, 8 young (16384K), 1 survivors (2048K)
 Metaspace       used 40465K, committed 41216K, reserved 1114112K
  class space    used 5402K, committed 5760K, reserved 1048576K
}
Event: 3709.916 GC heap after
{Heap after GC invocations=97 (full 31):
 garbage-first heap   total 49152K, used 21648K [0x0000000702600000, 0x0000000800000000)
  region size 2048K, 1 young (2048K), 1 survivors (2048K)
 Metaspace       used 40465K, committed 41216K, reserved 1114112K
  class space    used 5402K, committed 5760K, reserved 1048576K
}
Event: 3719.471 GC heap before
{Heap before GC invocations=97 (full 31):
 garbage-first heap   total 49152K, used 23696K [0x0000000702600000, 0x0000000800000000)
  region size 2048K, 3 young (6144K), 1 survivors (2048K)
 Metaspace       used 40513K, committed 41344K, reserved 1114112K
  class space    used 5413K, committed 5824K, reserved 1048576K
}
Event: 3719.531 GC heap after
{Heap after GC invocations=98 (full 32):
 garbage-first heap   total 49152K, used 17487K [0x0000000702600000, 0x0000000800000000)
  region size 2048K, 0 young (0K), 0 survivors (0K)
 Metaspace       used 40456K, committed 41344K, reserved 1114112K
  class space    used 5401K, committed 5824K, reserved 1048576K
}
Event: 3719.849 GC heap before
{Heap before GC invocations=98 (full 32):
 garbage-first heap   total 49152K, used 33871K [0x0000000702600000, 0x0000000800000000)
  region size 2048K, 8 young (16384K), 0 survivors (0K)
 Metaspace       used 40464K, committed 41344K, reserved 1114112K
  class space    used 5403K, committed 5824K, reserved 1048576K
}
Event: 3719.851 GC heap after
{Heap after GC invocations=99 (full 32):
 garbage-first heap   total 49152K, used 19064K [0x0000000702600000, 0x0000000800000000)
  region size 2048K, 1 young (2048K), 1 survivors (2048K)
 Metaspace       used 40464K, committed 41344K, reserved 1114112K
  class space    used 5403K, committed 5824K, reserved 1048576K
}
Event: 3720.068 GC heap before
{Heap before GC invocations=99 (full 32):
 garbage-first heap   total 49152K, used 33400K [0x0000000702600000, 0x0000000800000000)
  region size 2048K, 8 young (16384K), 1 survivors (2048K)
 Metaspace       used 40477K, committed 41344K, reserved 1114112K
  class space    used 5404K, committed 5824K, reserved 1048576K
}
Event: 3720.069 GC heap after
{Heap after GC invocations=100 (full 32):
 garbage-first heap   total 49152K, used 20169K [0x0000000702600000, 0x0000000800000000)
  region size 2048K, 1 young (2048K), 1 survivors (2048K)
 Metaspace       used 40477K, committed 41344K, reserved 1114112K
  class space    used 5404K, committed 5824K, reserved 1048576K
}
Event: 3722.547 GC heap before
{Heap before GC invocations=100 (full 32):
 garbage-first heap   total 49152K, used 20169K [0x0000000702600000, 0x0000000800000000)
  region size 2048K, 2 young (4096K), 1 survivors (2048K)
 Metaspace       used 40483K, committed 41344K, reserved 1114112K
  class space    used 5405K, committed 5824K, reserved 1048576K
}
Event: 3722.605 GC heap after
{Heap after GC invocations=101 (full 33):
 garbage-first heap   total 49152K, used 17248K [0x0000000702600000, 0x0000000800000000)
  region size 2048K, 0 young (0K), 0 survivors (0K)
 Metaspace       used 40431K, committed 41344K, reserved 1114112K
  class space    used 5394K, committed 5824K, reserved 1048576K
}
Event: 3722.919 GC heap before
{Heap before GC invocations=101 (full 33):
 garbage-first heap   total 49152K, used 31584K [0x0000000702600000, 0x0000000800000000)
  region size 2048K, 8 young (16384K), 0 survivors (0K)
 Metaspace       used 40439K, committed 41344K, reserved 1114112K
  class space    used 5396K, committed 5824K, reserved 1048576K
}
Event: 3722.920 GC heap after
{Heap after GC invocations=102 (full 33):
 garbage-first heap   total 49152K, used 18823K [0x0000000702600000, 0x0000000800000000)
  region size 2048K, 1 young (2048K), 1 survivors (2048K)
 Metaspace       used 40439K, committed 41344K, reserved 1114112K
  class space    used 5396K, committed 5824K, reserved 1048576K
}
Event: 3723.125 GC heap before
{Heap before GC invocations=102 (full 33):
 garbage-first heap   total 49152K, used 33159K [0x0000000702600000, 0x0000000800000000)
  region size 2048K, 8 young (16384K), 1 survivors (2048K)
 Metaspace       used 40447K, committed 41344K, reserved 1114112K
  class space    used 5397K, committed 5824K, reserved 1048576K
}
Event: 3723.127 GC heap after
{Heap after GC invocations=103 (full 33):
 garbage-first heap   total 49152K, used 19994K [0x0000000702600000, 0x0000000800000000)
  region size 2048K, 1 young (2048K), 1 survivors (2048K)
 Metaspace       used 40447K, committed 41344K, reserved 1114112K
  class space    used 5397K, committed 5824K, reserved 1048576K
}

